#
# There is insufficient memory for the Java Runtime Environment to continue.
# Native memory allocation (malloc) failed to allocate 1738736 bytes for Chunk::new
# Possible reasons:
#   The system is out of physical RAM or swap space
#   In 32 bit mode, the process size limit was hit
# Possible solutions:
#   Reduce memory load on the system
#   Increase physical memory or swap space
#   Check if swap backing store is full
#   Use 64 bit Java on a 64 bit OS
#   Decrease Java heap size (-Xmx/-Xms)
#   Decrease number of Java threads
#   Decrease Java thread stack sizes (-Xss)
#   Set larger code cache with -XX:ReservedCodeCacheSize=
# This output file may be truncated or incomplete.
#
#  Out of Memory Error (allocation.cpp:390), pid=4824, tid=8208
#
# JRE version: Java(TM) SE Runtime Environment (8.0_25-b18) (build 1.8.0_25-b18)
# Java VM: Java HotSpot(TM) 64-Bit Server VM (25.25-b02 mixed mode windows-amd64 compressed oops)
# Failed to write core dump. Minidumps are not enabled by default on client versions of Windows
#

---------------  T H R E A D  ---------------

Current thread (0x000000000cf51000):  JavaThread "C2 CompilerThread1" daemon [_thread_in_native, id=8208, stack(0x000000000e550000,0x000000000e650000)]

Stack: [0x000000000e550000,0x000000000e650000]
Native frames: (J=compiled Java code, j=interpreted, Vv=VM code, C=native code)
V  [jvm.dll+0x31667a]
V  [jvm.dll+0x267073]
V  [jvm.dll+0x267cb3]
V  [jvm.dll+0x25f5b5]
V  [jvm.dll+0xbf165]
V  [jvm.dll+0xbf60c]
V  [jvm.dll+0x45d672]
V  [jvm.dll+0x49e8ef]
V  [jvm.dll+0x452b41]
V  [jvm.dll+0x453864]
V  [jvm.dll+0x437372]
V  [jvm.dll+0x98a02]
V  [jvm.dll+0x991f3]
V  [jvm.dll+0x22bde4]
V  [jvm.dll+0x2852fa]
C  [msvcr100.dll+0x21d9f]
C  [msvcr100.dll+0x21e3b]
C  [KERNEL32.DLL+0x13d2]
C  [ntdll.dll+0x15444]


Current CompileTask:
C2:  25308 6545       4       scala.reflect.internal.Symbols$TypeSymbol::tpe (209 bytes)


---------------  P R O C E S S  ---------------

Java Threads: ( => current thread )
  0x000000000cf5e000 JavaThread "Service Thread" daemon [_thread_blocked, id=8932, stack(0x000000000eb50000,0x000000000ec50000)]
  0x000000000cf58000 JavaThread "C1 CompilerThread2" daemon [_thread_blocked, id=8044, stack(0x000000000e650000,0x000000000e750000)]
=>0x000000000cf51000 JavaThread "C2 CompilerThread1" daemon [_thread_in_native, id=8208, stack(0x000000000e550000,0x000000000e650000)]
  0x000000000cf01000 JavaThread "C2 CompilerThread0" daemon [_thread_in_native, id=10516, stack(0x000000000e450000,0x000000000e550000)]
  0x000000000ceff800 JavaThread "Attach Listener" daemon [_thread_blocked, id=10580, stack(0x000000000e350000,0x000000000e450000)]
  0x000000000cefe800 JavaThread "Signal Dispatcher" daemon [_thread_blocked, id=8068, stack(0x000000000e250000,0x000000000e350000)]
  0x0000000002c97000 JavaThread "Finalizer" daemon [_thread_blocked, id=11068, stack(0x000000000e150000,0x000000000e250000)]
  0x0000000002c8e000 JavaThread "Reference Handler" daemon [_thread_blocked, id=10640, stack(0x000000000e050000,0x000000000e150000)]
  0x0000000002ba3800 JavaThread "main" [_thread_in_vm, id=8128, stack(0x0000000002a90000,0x0000000002b90000)]

Other Threads:
  0x000000000cec6000 VMThread [stack: 0x000000000df50000,0x000000000e050000] [id=5144]
  0x000000000e753800 WatcherThread [stack: 0x000000000ec50000,0x000000000ed50000] [id=8972]

VM state:not at safepoint (normal execution)

VM Mutex/Monitor currently owned by a thread: None

Heap:
 PSYoungGen      total 153088K, used 6706K [0x00000000f5580000, 0x0000000100000000, 0x0000000100000000)
  eden space 131584K, 3% used [0x00000000f5580000,0x00000000f598deb8,0x00000000fd600000)
  from space 21504K, 11% used [0x00000000fd600000,0x00000000fd87e978,0x00000000feb00000)
  to   space 21504K, 0% used [0x00000000feb00000,0x00000000feb00000,0x0000000100000000)
 ParOldGen       total 161280K, used 80178K [0x00000000e0000000, 0x00000000e9d80000, 0x00000000f5580000)
  object space 161280K, 49% used [0x00000000e0000000,0x00000000e4e4ca28,0x00000000e9d80000)
 Metaspace       used 50147K, capacity 50640K, committed 50816K, reserved 1089536K
  class space    used 9622K, capacity 9817K, committed 9856K, reserved 1048576K

Card table byte_map: [0x000000000aea0000,0x000000000afb0000] byte_map_base: 0x000000000a7a0000

Marking Bits: (ParMarkBitMap*) 0x000000007655d490
 Begin Bits: [0x000000000b460000, 0x000000000bc60000)
 End Bits:   [0x000000000bc60000, 0x000000000c460000)

Polling page: 0x00000000012d0000

CodeCache: size=131072Kb used=18314Kb max_used=18858Kb free=112757Kb
 bounds [0x0000000002ca0000, 0x0000000003f30000, 0x000000000aca0000]
 total_blobs=6054 nmethods=5601 adapters=362
 compilation: enabled

Compilation events (10 events):
Event: 25.097 Thread 0x000000000cf58000 6633       3       scala.reflect.internal.SymbolTable::unique (6 bytes)
Event: 25.098 Thread 0x000000000cf58000 nmethod 6633 0x0000000002f50290 code [0x0000000002f50400, 0x0000000002f50588]
Event: 25.109 Thread 0x000000000cf58000 6636       3       scala.reflect.internal.AnnotationInfos$ScalaSigBytes$$anonfun$3::apply (12 bytes)
Event: 25.109 Thread 0x000000000cf58000 nmethod 6636 0x000000000324d050 code [0x000000000324d1e0, 0x000000000324d7b0]
Event: 25.126 Thread 0x000000000cf58000 6638       1       scala.tools.nsc.Global$genASM$::global (5 bytes)
Event: 25.126 Thread 0x000000000cf58000 nmethod 6638 0x00000000031cead0 code [0x00000000031cec20, 0x00000000031ced30]
Event: 25.135 Thread 0x000000000cf58000 6639       1       scala.tools.nsc.backend.jvm.GenASM$JCommonBuilder::scala$tools$nsc$backend$jvm$GenASM$JCommonBuilder$$$outer (5 bytes)
Event: 25.135 Thread 0x000000000cf58000 nmethod 6639 0x00000000031b3a50 code [0x00000000031b3ba0, 0x00000000031b3cb0]
Event: 25.135 Thread 0x000000000cf58000 6637       3       scala.reflect.internal.AnnotationInfos$ScalaSigBytes$$anonfun$3::apply (11 bytes)
Event: 25.135 Thread 0x000000000cf58000 nmethod 6637 0x000000000305c350 code [0x000000000305c4a0, 0x000000000305c650]

GC Heap History (10 events):
Event: 13.175 GC heap before
{Heap before GC invocations=10 (full 1):
 PSYoungGen      total 112128K, used 11356K [0x00000000f5580000, 0x00000000fed00000, 0x0000000100000000)
  eden space 102400K, 1% used [0x00000000f5580000,0x00000000f57180b8,0x00000000fb980000)
  from space 9728K, 99% used [0x00000000fc700000,0x00000000fd07f030,0x00000000fd080000)
  to   space 13824K, 0% used [0x00000000fb980000,0x00000000fb980000,0x00000000fc700000)
 ParOldGen       total 60416K, used 15082K [0x00000000e0000000, 0x00000000e3b00000, 0x00000000f5580000)
  object space 60416K, 24% used [0x00000000e0000000,0x00000000e0eba820,0x00000000e3b00000)
 Metaspace       used 34993K, capacity 35334K, committed 35456K, reserved 1077248K
  class space    used 6839K, capacity 6927K, committed 7040K, reserved 1048576K
Event: 13.197 GC heap after
Heap after GC invocations=10 (full 1):
 PSYoungGen      total 116224K, used 8944K [0x00000000f5580000, 0x0000000100000000, 0x0000000100000000)
  eden space 102400K, 0% used [0x00000000f5580000,0x00000000f5580000,0x00000000fb980000)
  from space 13824K, 64% used [0x00000000fb980000,0x00000000fc23c050,0x00000000fc700000)
  to   space 13824K, 0% used [0x00000000ff280000,0x00000000ff280000,0x0000000100000000)
 ParOldGen       total 60416K, used 15960K [0x00000000e0000000, 0x00000000e3b00000, 0x00000000f5580000)
  object space 60416K, 26% used [0x00000000e0000000,0x00000000e0f96160,0x00000000e3b00000)
 Metaspace       used 34993K, capacity 35334K, committed 35456K, reserved 1077248K
  class space    used 6839K, capacity 6927K, committed 7040K, reserved 1048576K
}
Event: 13.197 GC heap before
{Heap before GC invocations=11 (full 2):
 PSYoungGen      total 116224K, used 8944K [0x00000000f5580000, 0x0000000100000000, 0x0000000100000000)
  eden space 102400K, 0% used [0x00000000f5580000,0x00000000f5580000,0x00000000fb980000)
  from space 13824K, 64% used [0x00000000fb980000,0x00000000fc23c050,0x00000000fc700000)
  to   space 13824K, 0% used [0x00000000ff280000,0x00000000ff280000,0x0000000100000000)
 ParOldGen       total 60416K, used 15960K [0x00000000e0000000, 0x00000000e3b00000, 0x00000000f5580000)
  object space 60416K, 26% used [0x00000000e0000000,0x00000000e0f96160,0x00000000e3b00000)
 Metaspace       used 34993K, capacity 35334K, committed 35456K, reserved 1077248K
  class space    used 6839K, capacity 6927K, committed 7040K, reserved 1048576K
Event: 13.414 GC heap after
Heap after GC invocations=11 (full 2):
 PSYoungGen      total 116224K, used 0K [0x00000000f5580000, 0x0000000100000000, 0x0000000100000000)
  eden space 102400K, 0% used [0x00000000f5580000,0x00000000f5580000,0x00000000fb980000)
  from space 13824K, 0% used [0x00000000fb980000,0x00000000fb980000,0x00000000fc700000)
  to   space 13824K, 0% used [0x00000000ff280000,0x00000000ff280000,0x0000000100000000)
 ParOldGen       total 80384K, used 20389K [0x00000000e0000000, 0x00000000e4e80000, 0x00000000f5580000)
  object space 80384K, 25% used [0x00000000e0000000,0x00000000e13e9750,0x00000000e4e80000)
 Metaspace       used 34984K, capacity 35310K, committed 35456K, reserved 1077248K
  class space    used 6837K, capacity 6919K, committed 7040K, reserved 1048576K
}
Event: 16.254 GC heap before
{Heap before GC invocations=12 (full 2):
 PSYoungGen      total 116224K, used 102400K [0x00000000f5580000, 0x0000000100000000, 0x0000000100000000)
  eden space 102400K, 100% used [0x00000000f5580000,0x00000000fb980000,0x00000000fb980000)
  from space 13824K, 0% used [0x00000000fb980000,0x00000000fb980000,0x00000000fc700000)
  to   space 13824K, 0% used [0x00000000ff280000,0x00000000ff280000,0x0000000100000000)
 ParOldGen       total 80384K, used 20389K [0x00000000e0000000, 0x00000000e4e80000, 0x00000000f5580000)
  object space 80384K, 25% used [0x00000000e0000000,0x00000000e13e9750,0x00000000e4e80000)
 Metaspace       used 37434K, capacity 37860K, committed 38016K, reserved 1079296K
  class space    used 7292K, capacity 7473K, committed 7552K, reserved 1048576K
Event: 16.309 GC heap after
Heap after GC invocations=12 (full 2):
 PSYoungGen      total 145408K, used 13808K [0x00000000f5580000, 0x0000000100000000, 0x0000000100000000)
  eden space 131584K, 0% used [0x00000000f5580000,0x00000000f5580000,0x00000000fd600000)
  from space 13824K, 99% used [0x00000000ff280000,0x00000000ffffc080,0x0000000100000000)
  to   space 21504K, 0% used [0x00000000fd600000,0x00000000fd600000,0x00000000feb00000)
 ParOldGen       total 80384K, used 36632K [0x00000000e0000000, 0x00000000e4e80000, 0x00000000f5580000)
  object space 80384K, 45% used [0x00000000e0000000,0x00000000e23c6118,0x00000000e4e80000)
 Metaspace       used 37434K, capacity 37860K, committed 38016K, reserved 1079296K
  class space    used 7292K, capacity 7473K, committed 7552K, reserved 1048576K
}
Event: 24.274 GC heap before
{Heap before GC invocations=13 (full 2):
 PSYoungGen      total 145408K, used 145392K [0x00000000f5580000, 0x0000000100000000, 0x0000000100000000)
  eden space 131584K, 100% used [0x00000000f5580000,0x00000000fd600000,0x00000000fd600000)
  from space 13824K, 99% used [0x00000000ff280000,0x00000000ffffc080,0x0000000100000000)
  to   space 21504K, 0% used [0x00000000fd600000,0x00000000fd600000,0x00000000feb00000)
 ParOldGen       total 80384K, used 36632K [0x00000000e0000000, 0x00000000e4e80000, 0x00000000f5580000)
  object space 80384K, 45% used [0x00000000e0000000,0x00000000e23c6118,0x00000000e4e80000)
 Metaspace       used 49644K, capacity 50160K, committed 50176K, reserved 1089536K
  class space    used 9518K, capacity 9721K, committed 9728K, reserved 1048576K
Event: 24.396 GC heap after
Heap after GC invocations=13 (full 2):
 PSYoungGen      total 153088K, used 21502K [0x00000000f5580000, 0x0000000100000000, 0x0000000100000000)
  eden space 131584K, 0% used [0x00000000f5580000,0x00000000f5580000,0x00000000fd600000)
  from space 21504K, 99% used [0x00000000fd600000,0x00000000feaff940,0x00000000feb00000)
  to   space 21504K, 0% used [0x00000000feb00000,0x00000000feb00000,0x0000000100000000)
 ParOldGen       total 80384K, used 66663K [0x00000000e0000000, 0x00000000e4e80000, 0x00000000f5580000)
  object space 80384K, 82% used [0x00000000e0000000,0x00000000e4119e28,0x00000000e4e80000)
 Metaspace       used 49644K, capacity 50160K, committed 50176K, reserved 1089536K
  class space    used 9518K, capacity 9721K, committed 9728K, reserved 1048576K
}
Event: 24.396 GC heap before
{Heap before GC invocations=14 (full 3):
 PSYoungGen      total 153088K, used 21502K [0x00000000f5580000, 0x0000000100000000, 0x0000000100000000)
  eden space 131584K, 0% used [0x00000000f5580000,0x00000000f5580000,0x00000000fd600000)
  from space 21504K, 99% used [0x00000000fd600000,0x00000000feaff940,0x00000000feb00000)
  to   space 21504K, 0% used [0x00000000feb00000,0x00000000feb00000,0x0000000100000000)
 ParOldGen       total 80384K, used 66663K [0x00000000e0000000, 0x00000000e4e80000, 0x00000000f5580000)
  object space 80384K, 82% used [0x00000000e0000000,0x00000000e4119e28,0x00000000e4e80000)
 Metaspace       used 49644K, capacity 50160K, committed 50176K, reserved 1089536K
  class space    used 9518K, capacity 9721K, committed 9728K, reserved 1048576K
Event: 25.017 GC heap after
Heap after GC invocations=14 (full 3):
 PSYoungGen      total 153088K, used 2554K [0x00000000f5580000, 0x0000000100000000, 0x0000000100000000)
  eden space 131584K, 0% used [0x00000000f5580000,0x00000000f5580000,0x00000000fd600000)
  from space 21504K, 11% used [0x00000000fd600000,0x00000000fd87e978,0x00000000feb00000)
  to   space 21504K, 0% used [0x00000000feb00000,0x00000000feb00000,0x0000000100000000)
 ParOldGen       total 161280K, used 80178K [0x00000000e0000000, 0x00000000e9d80000, 0x00000000f5580000)
  object space 161280K, 49% used [0x00000000e0000000,0x00000000e4e4ca28,0x00000000e9d80000)
 Metaspace       used 49644K, capacity 50160K, committed 50176K, reserved 1089536K
  class space    used 9518K, capacity 9721K, committed 9728K, reserved 1048576K
}

Deoptimization events (10 events):
Event: 23.916 Thread 0x0000000002ba3800 Uncommon trap: reason=class_check action=maybe_recompile pc=0x000000000377267c method=scala.reflect.internal.Symbols$Symbol.rawInfo()Lscala/reflect/internal/Types$Type; @ 147
Event: 23.916 Thread 0x0000000002ba3800 Uncommon trap: reason=class_check action=maybe_recompile pc=0x000000000377267c method=scala.reflect.internal.Symbols$Symbol.rawInfo()Lscala/reflect/internal/Types$Type; @ 147
Event: 23.950 Thread 0x0000000002ba3800 Uncommon trap: reason=speculate_class_check action=maybe_recompile pc=0x0000000003aaef58 method=scala.collection.immutable.List.foreach(Lscala/Function1;)V @ 3
Event: 23.951 Thread 0x0000000002ba3800 Uncommon trap: reason=speculate_class_check action=maybe_recompile pc=0x0000000003aaef58 method=scala.collection.immutable.List.foreach(Lscala/Function1;)V @ 3
Event: 23.951 Thread 0x0000000002ba3800 Uncommon trap: reason=speculate_class_check action=maybe_recompile pc=0x0000000003aaef58 method=scala.collection.immutable.List.foreach(Lscala/Function1;)V @ 3
Event: 23.952 Thread 0x0000000002ba3800 Uncommon trap: reason=speculate_class_check action=maybe_recompile pc=0x0000000003aaef58 method=scala.collection.immutable.List.foreach(Lscala/Function1;)V @ 3
Event: 24.257 Thread 0x0000000002ba3800 Uncommon trap: reason=bimorphic action=maybe_recompile pc=0x00000000032674a8 method=scala.collection.mutable.ResizableArray$class.ensureSize(Lscala/collection/mutable/ResizableArray;I)V @ 2
Event: 24.257 Thread 0x0000000002ba3800 Uncommon trap: reason=bimorphic action=maybe_recompile pc=0x00000000032674a8 method=scala.collection.mutable.ResizableArray$class.ensureSize(Lscala/collection/mutable/ResizableArray;I)V @ 2
Event: 25.070 Thread 0x0000000002ba3800 Uncommon trap: reason=unreached action=reinterpret pc=0x0000000003a5d15c method=scala.reflect.internal.util.WeakHashSet.queueLoop$1()V @ 6
Event: 25.075 Thread 0x0000000002ba3800 Uncommon trap: reason=bimorphic action=maybe_recompile pc=0x0000000003808f60 method=scala.collection.mutable.MapLike$class.getOrElseUpdate(Lscala/collection/mutable/MapLike;Ljava/lang/Object;Lscala/Function0;)Ljava/lang/Object; @ 68

Internal exceptions (10 events):
Event: 25.142 Thread 0x0000000002ba3800 Exception <a 'java/security/PrivilegedActionException'> (0x00000000f573cdd0) thrown at [D:\re\workspace\8-2-build-windows-amd64-cygwin\jdk8u25\1677\hotspot\src\share\vm\prims\jvm.cpp, line 1312]
Event: 25.143 Thread 0x0000000002ba3800 Exception <a 'java/security/PrivilegedActionException'> (0x00000000f5742da0) thrown at [D:\re\workspace\8-2-build-windows-amd64-cygwin\jdk8u25\1677\hotspot\src\share\vm\prims\jvm.cpp, line 1312]
Event: 25.143 Thread 0x0000000002ba3800 Exception <a 'java/security/PrivilegedActionException'> (0x00000000f5747da0) thrown at [D:\re\workspace\8-2-build-windows-amd64-cygwin\jdk8u25\1677\hotspot\src\share\vm\prims\jvm.cpp, line 1312]
Event: 25.144 Thread 0x0000000002ba3800 Exception <a 'java/security/PrivilegedActionException'> (0x00000000f574cb68) thrown at [D:\re\workspace\8-2-build-windows-amd64-cygwin\jdk8u25\1677\hotspot\src\share\vm\prims\jvm.cpp, line 1312]
Event: 25.145 Thread 0x0000000002ba3800 Exception <a 'java/security/PrivilegedActionException'> (0x00000000f5751b58) thrown at [D:\re\workspace\8-2-build-windows-amd64-cygwin\jdk8u25\1677\hotspot\src\share\vm\prims\jvm.cpp, line 1312]
Event: 25.145 Thread 0x0000000002ba3800 Exception <a 'java/security/PrivilegedActionException'> (0x00000000f5755c38) thrown at [D:\re\workspace\8-2-build-windows-amd64-cygwin\jdk8u25\1677\hotspot\src\share\vm\prims\jvm.cpp, line 1312]
Event: 25.147 Thread 0x0000000002ba3800 Exception <a 'java/security/PrivilegedActionException'> (0x00000000f575ce08) thrown at [D:\re\workspace\8-2-build-windows-amd64-cygwin\jdk8u25\1677\hotspot\src\share\vm\prims\jvm.cpp, line 1312]
Event: 25.148 Thread 0x0000000002ba3800 Exception <a 'java/security/PrivilegedActionException'> (0x00000000f5761200) thrown at [D:\re\workspace\8-2-build-windows-amd64-cygwin\jdk8u25\1677\hotspot\src\share\vm\prims\jvm.cpp, line 1312]
Event: 25.148 Thread 0x0000000002ba3800 Exception <a 'java/security/PrivilegedActionException'> (0x00000000f57652c8) thrown at [D:\re\workspace\8-2-build-windows-amd64-cygwin\jdk8u25\1677\hotspot\src\share\vm\prims\jvm.cpp, line 1312]
Event: 25.180 Thread 0x0000000002ba3800 Exception <a 'java/security/PrivilegedActionException'> (0x00000000f576c8e8) thrown at [D:\re\workspace\8-2-build-windows-amd64-cygwin\jdk8u25\1677\hotspot\src\share\vm\prims\jvm.cpp, line 1312]

Events (10 events):
Event: 25.122 Thread 0x000000000cf58000 flushing nmethod 0x0000000003977790
Event: 25.122 Thread 0x000000000cf58000 flushing nmethod 0x0000000003988550
Event: 25.122 Thread 0x000000000cf58000 flushing nmethod 0x00000000039894d0
Event: 25.123 Thread 0x000000000cf58000 flushing nmethod 0x00000000039edd10
Event: 25.123 Thread 0x000000000cf58000 flushing nmethod 0x00000000039fa3d0
Event: 25.124 Thread 0x000000000cf58000 flushing nmethod 0x0000000003a31f90
Event: 25.124 Thread 0x000000000cf58000 flushing nmethod 0x0000000003a6ed90
Event: 25.125 Thread 0x000000000cf58000 flushing nmethod 0x0000000003ac4210
Event: 25.125 Thread 0x000000000cf58000 flushing nmethod 0x0000000003ac5e50
Event: 25.125 Thread 0x000000000cf58000 flushing nmethod 0x0000000003b0b610


Dynamic libraries:
0x00007ff63c510000 - 0x00007ff63c544000 	C:\Mohan\Java\jdk1.8.0_25\bin\java.exe
0x00007ffa36a60000 - 0x00007ffa36c0c000 	C:\windows\SYSTEM32\ntdll.dll
0x00007ffa35a70000 - 0x00007ffa35bae000 	C:\windows\system32\KERNEL32.DLL
0x00007ffa33fd0000 - 0x00007ffa340e5000 	C:\windows\system32\KERNELBASE.dll
0x00007ffa31be0000 - 0x00007ffa31c6e000 	C:\windows\system32\apphelp.dll
0x00007ffa1caf0000 - 0x00007ffa1cb43000 	C:\windows\AppPatch\AppPatch64\AcGenral.DLL
0x00007ffa362c0000 - 0x00007ffa3636a000 	C:\windows\system32\msvcrt.dll
0x00007ffa33a60000 - 0x00007ffa33a8e000 	C:\windows\SYSTEM32\SspiCli.dll
0x00007ffa36830000 - 0x00007ffa36884000 	C:\windows\system32\SHLWAPI.dll
0x00007ffa35890000 - 0x00007ffa35a07000 	C:\windows\system32\USER32.dll
0x00007ffa35da0000 - 0x00007ffa35f34000 	C:\windows\system32\ole32.dll
0x00007ffa341c0000 - 0x00007ffa356d9000 	C:\windows\system32\SHELL32.dll
0x00007ffa33570000 - 0x00007ffa33591000 	C:\windows\SYSTEM32\USERENV.dll
0x00007ffa364a0000 - 0x00007ffa3654a000 	C:\windows\system32\ADVAPI32.dll
0x00007ffa1c0c0000 - 0x00007ffa1c0de000 	C:\windows\SYSTEM32\MPR.dll
0x00007ffa36910000 - 0x00007ffa36a51000 	C:\windows\system32\RPCRT4.dll
0x00007ffa35a10000 - 0x00007ffa35a69000 	C:\windows\SYSTEM32\sechost.dll
0x00007ffa35f40000 - 0x00007ffa36151000 	C:\windows\SYSTEM32\combase.dll
0x00007ffa366e0000 - 0x00007ffa36830000 	C:\windows\system32\GDI32.dll
0x00007ffa33bc0000 - 0x00007ffa33bd5000 	C:\windows\SYSTEM32\profapi.dll
0x00007ffa315b0000 - 0x00007ffa31662000 	C:\windows\SYSTEM32\SHCORE.dll
0x00007ffa36460000 - 0x00007ffa36496000 	C:\windows\system32\IMM32.DLL
0x00007ffa36160000 - 0x00007ffa362b2000 	C:\windows\system32\MSCTF.dll
0x00007ffa30d40000 - 0x00007ffa30fba000 	C:\windows\WinSxS\amd64_microsoft.windows.common-controls_6595b64144ccf1df_6.0.9600.17810_none_6240b9c7ecbd0bda\COMCTL32.dll
0x0000000050030000 - 0x0000000050102000 	C:\Mohan\Java\jdk1.8.0_25\jre\bin\msvcr100.dll
0x0000000075d80000 - 0x00000000765da000 	C:\Mohan\Java\jdk1.8.0_25\jre\bin\server\jvm.dll
0x00007ffa2aef0000 - 0x00007ffa2aef9000 	C:\windows\SYSTEM32\WSOCK32.dll
0x00007ffa2c530000 - 0x00007ffa2c552000 	C:\windows\SYSTEM32\WINMM.dll
0x00007ffa35d90000 - 0x00007ffa35d97000 	C:\windows\system32\PSAPI.DLL
0x00007ffa36610000 - 0x00007ffa3666a000 	C:\windows\system32\WS2_32.dll
0x00007ffa2c500000 - 0x00007ffa2c52a000 	C:\windows\SYSTEM32\WINMMBASE.dll
0x00007ffa366d0000 - 0x00007ffa366d9000 	C:\windows\system32\NSI.dll
0x00007ffa33d40000 - 0x00007ffa33d8f000 	C:\windows\SYSTEM32\cfgmgr32.dll
0x00007ffa329e0000 - 0x00007ffa32a08000 	C:\windows\SYSTEM32\DEVOBJ.dll
0x0000000050020000 - 0x000000005002f000 	C:\Mohan\Java\jdk1.8.0_25\jre\bin\verify.dll
0x0000000075d50000 - 0x0000000075d78000 	C:\Mohan\Java\jdk1.8.0_25\jre\bin\java.dll
0x0000000050000000 - 0x0000000050016000 	C:\Mohan\Java\jdk1.8.0_25\jre\bin\zip.dll
0x0000000075d30000 - 0x0000000075d4a000 	C:\Mohan\Java\jdk1.8.0_25\jre\bin\net.dll
0x00007ffa335a0000 - 0x00007ffa335f9000 	C:\windows\system32\mswsock.dll
0x0000000075d10000 - 0x0000000075d21000 	C:\Mohan\Java\jdk1.8.0_25\jre\bin\nio.dll
0x00007ffa33620000 - 0x00007ffa33640000 	C:\windows\SYSTEM32\CRYPTSP.dll
0x00007ffa331c0000 - 0x00007ffa331f6000 	C:\windows\system32\rsaenh.dll
0x00007ffa33750000 - 0x00007ffa33776000 	C:\windows\SYSTEM32\bcrypt.dll
0x00007ffa33a90000 - 0x00007ffa33af3000 	C:\windows\system32\bcryptprimitives.dll
0x00007ffa33b00000 - 0x00007ffa33b0b000 	C:\windows\SYSTEM32\CRYPTBASE.dll
0x00007ffa2f810000 - 0x00007ffa2f83a000 	C:\windows\SYSTEM32\IPHLPAPI.DLL
0x00007ffa2f7f0000 - 0x00007ffa2f7fa000 	C:\windows\SYSTEM32\WINNSI.DLL
0x00007ffa2f2a0000 - 0x00007ffa2f2b6000 	C:\windows\SYSTEM32\dhcpcsvc6.DLL
0x00007ffa2f470000 - 0x00007ffa2f48a000 	C:\windows\SYSTEM32\dhcpcsvc.DLL
0x00007ffa24870000 - 0x00007ffa2487a000 	C:\Users\mohan\AppData\Local\Temp\jansi-64-1-2757043461364406482.11
0x00007ffa22250000 - 0x00007ffa22265000 	C:\windows\system32\napinsp.dll
0x00007ffa22270000 - 0x00007ffa2228a000 	C:\windows\system32\pnrpnsp.dll
0x00007ffa32250000 - 0x00007ffa3226b000 	C:\windows\system32\NLAapi.dll
0x00007ffa33260000 - 0x00007ffa33304000 	C:\windows\SYSTEM32\DNSAPI.dll
0x00007ffa222e0000 - 0x00007ffa222ed000 	C:\windows\System32\winrnr.dll
0x0000000050bd0000 - 0x0000000050bf6000 	C:\Program Files\Bonjour\mdnsNSP.dll
0x00007ffa22290000 - 0x00007ffa222a4000 	C:\windows\system32\wshbth.dll
0x00007ffa28af0000 - 0x00007ffa28afa000 	C:\Windows\System32\rasadhlp.dll
0x00007ffa2f340000 - 0x00007ffa2f3ab000 	C:\windows\System32\fwpuclnt.dll
0x00007ffa29b00000 - 0x00007ffa29c89000 	C:\windows\SYSTEM32\dbghelp.dll

VM Arguments:
jvm_args: -Xmx512M -XX:MaxPermSize=256m -XX:ReservedCodeCacheSize=128m -Dsbt.log.format=true 
java_command: xsbt.boot.Boot test
java_class_path (initial): C:\Mohan\Java\sbt\bin\sbt-launch.jar
Launcher Type: SUN_STANDARD

Environment Variables:
JAVA_HOME=C:\Mohan\Java\jdk1.8.0_25
USERNAME=Mohan
OS=Windows_NT
PROCESSOR_IDENTIFIER=Intel64 Family 6 Model 69 Stepping 1, GenuineIntel



---------------  S Y S T E M  ---------------

OS: Windows 8.1 , 64 bit Build 9600 

CPU:total 4 (2 cores per cpu, 2 threads per core) family 6 model 69 stepping 1, cmov, cx8, fxsr, mmx, sse, sse2, sse3, ssse3, sse4.1, sse4.2, popcnt, avx, avx2, aes, clmul, erms, lzcnt, ht, tsc, tscinvbit, bmi1, bmi2

Memory: 4k page, physical 8298776k(717524k free), swap 11444504k(4848k free)

vm_info: Java HotSpot(TM) 64-Bit Server VM (25.25-b02) for windows-amd64 JRE (1.8.0_25-b18), built on Oct  7 2014 14:25:37 by "java_re" with MS VC++ 10.0 (VS2010)

time: Fri Aug 14 07:18:33 2015
elapsed time: 25 seconds (0d 0h 0m 25s)

